<?xml version="1.0" encoding="UTF-8"?>
<!-- Generated by org.testng.reporters.JUnitReportReporter -->
<testsuite hostname="QSP" failures="0" tests="1" name="com.EducationalDomain.Scripts.Testcase1" time="9.314" errors="0" timestamp="2022-08-24T08:51:46 IST" skipped="0">
  <testcase classname="com.EducationalDomain.Scripts.Testcase1" name="testcase1" time="9.314"/>
</testsuite> <!-- com.EducationalDomain.Scripts.Testcase1 -->
